New log file opened at Mon Jan 30 09:48:25 ICT 2017 by 4760@DEDEN
jvm 4760@DEDEN
jvm vmName=Java HotSpot(TM) 64-Bit Server VM vmVendor=Oracle Corporation vmVersion=25.101-b13
jvm specName=Java Virtual Machine Specification specVendor=Oracle Corporation specVersion=1.8
jvm arguments: [-Xms256m, -Xmx1024m, -XX:MetaspaceSize=64m, -XX:MaxMetaspaceSize=256m]
Starting event engine
Starting sbt command engine
Waiting for sbt command engine
Command engine arguments=List()
Command engine baseDirectory=D:\DS\my-first-app
Command engine initial remaining commands List(--initialize, onFailure load-failed, boot, server-send-ready-for-request, server-handle-next-server-request)
> --initialize
> initialize
> onFailure load-failed
> boot
> reload
[Loading] Scanning directory D:\DS\my-first-app\project
[Loading] Found non-root projects 
[Loading] Done in D:\DS\my-first-app\project, returning: ()
deducing auto plugins based on known facts Set(Atom(sbt.plugins.CorePlugin)) and clauses Clauses(List(Clause(Atom(sbt.plugins.JvmPlugin),Set(Atom(sbt.plugins.IvyPlugin))), Clause(Atom(sbt.plugins.JUnitXmlReportPlugin),Set(Atom(sbt.plugins.JvmPlugin))), Clause(Atom(sbt.plugins.CorePlugin),Set(Atom(sbt.plugins.IvyPlugin))), Clause(Atom(sbt.plugins.IvyPlugin),Set(Atom(sbt.plugins.JvmPlugin))), Clause(Atom(sbt.plugins.JvmPlugin),Set(Atom(sbt.plugins.JUnitXmlReportPlugin)))))
  :: deduced result: Matched(sbt.plugins.CorePlugin,sbt.plugins.IvyPlugin,sbt.plugins.JvmPlugin,sbt.plugins.JUnitXmlReportPlugin)
sorting: ns: List(sbt.plugins.CorePlugin, sbt.plugins.IvyPlugin, sbt.plugins.JvmPlugin, sbt.plugins.JUnitXmlReportPlugin)
  :: sorting:: found: List(sbt.plugins.CorePlugin) not found List(sbt.plugins.IvyPlugin, sbt.plugins.JvmPlugin, sbt.plugins.JUnitXmlReportPlugin)
  :: sorting:: found: List(sbt.plugins.CorePlugin, sbt.plugins.IvyPlugin) not found List(sbt.plugins.JvmPlugin, sbt.plugins.JUnitXmlReportPlugin)
  :: sorting:: found: List(sbt.plugins.CorePlugin, sbt.plugins.IvyPlugin, sbt.plugins.JvmPlugin) not found List(sbt.plugins.JUnitXmlReportPlugin)
  :: sorting:: found: List(sbt.plugins.CorePlugin, sbt.plugins.IvyPlugin, sbt.plugins.JvmPlugin, sbt.plugins.JUnitXmlReportPlugin) not found List()
  :: sorted deduced result: List(sbt.plugins.CorePlugin, sbt.plugins.IvyPlugin, sbt.plugins.JvmPlugin, sbt.plugins.JUnitXmlReportPlugin)
[Loading] Done in D:\DS\my-first-app\project, returning: (my-first-app-build)
Loading project definition from D:\DS\my-first-app\project
Running task... Cancel: sbt.TaskCancellationStrategy$Null$@36bce5d3, check cycles: false

Initial source changes: 
	removed:Set()
	added: Set()
	modified: Set()
Removed products: Set()
External API changes: API Changes: Set()
Modified binary dependencies: Set()
Initial directly invalidated sources: Set()

Sources indirectly invalidated by:
	product: Set()
	binary dep: Set()
	external source: Set()
All initially invalidated sources: Set()

Copy resource mappings: 
	
[Loading] Scanning directory D:\DS\my-first-app
[Loading] Found root project root w/ remaining 
deducing auto plugins based on known facts Set(Atom(play.PlayScala), Atom(sbt.plugins.CorePlugin)) and clauses Clauses(List(Clause(Atom(sbt.plugins.JvmPlugin),Set(Atom(sbt.plugins.IvyPlugin))), Clause(Atom(sbt.plugins.JUnitXmlReportPlugin),Set(Atom(sbt.plugins.JvmPlugin))), Clause(Atom(play.sbt.forkrun.PlayForkRun),Set(Atom(sbt.plugins.BackgroundRunPlugin))), Clause(Atom(play.sbt.forkrun.PlayForkRun),Set(Atom(play.Play))), Clause(Atom(play.sbt.forkrun.PlayForkRun),Set(Atom(sbt.plugins.SerializersPlugin))), Clause(Atom(play.Play),Set(Atom(com.typesafe.sbt.webdriver.SbtWebDriver))), Clause(Atom(play.Play),Set(Atom(play.twirl.sbt.SbtTwirl))), Clause(Atom(play.Play),Set(Atom(com.typesafe.sbt.jse.SbtJsTask))), Clause(Atom(play.PlayJava),Set(Atom(play.Play))), Clause(Atom(play.PlayScala),Set(Atom(play.Play))), Clause(Atom(play.twirl.sbt.SbtTwirl),Set(Atom(sbt.plugins.JvmPlugin))), Clause(Atom(com.typesafe.sbt.jse.SbtJsEngine),Set(Atom(com.typesafe.sbt.web.SbtWeb))), Clause(Atom(com.typesafe.sbt.jse.SbtJsTask),Set(Atom(com.typesafe.sbt.jse.SbtJsEngine))), Clause(Atom(com.typesafe.sbt.webdriver.SbtWebDriver),Set(Atom(com.typesafe.sbt.web.SbtWeb))), Clause(Atom(sbt.plugins.BackgroundRunPlugin),Set(Atom(sbt.plugins.JvmPlugin))), Clause(Atom(com.typesafe.sbt.coffeescript.SbtCoffeeScript),Set(Atom(com.typesafe.sbt.jse.SbtJsTask))), Clause(Atom(com.typesafe.sbt.less.SbtLess),Set(Atom(com.typesafe.sbt.jse.SbtJsTask))), Clause(Atom(com.typesafe.sbt.jshint.SbtJSHint),Set(Atom(com.typesafe.sbt.jse.SbtJsTask))), Clause(Atom(com.typesafe.sbt.rjs.SbtRjs),Set(Atom(com.typesafe.sbt.jse.SbtJsTask))), Clause(Atom(com.typesafe.sbt.digest.SbtDigest),Set(Atom(com.typesafe.sbt.web.SbtWeb))), Clause(Atom(com.typesafe.sbt.mocha.SbtMocha),Set(Atom(com.typesafe.sbt.jse.SbtJsTask))), Clause(Atom(sbt.plugins.CorePlugin),Set(Atom(sbt.plugins.IvyPlugin))), Clause(Atom(sbt.plugins.IvyPlugin),Set(Atom(sbt.plugins.JvmPlugin))), Clause(Atom(sbt.plugins.JvmPlugin),Set(Atom(sbt.plugins.JUnitXmlReportPlugin))), Clause(And(Set(Atom(sbt.plugins.BackgroundRunPlugin), Atom(play.Play), Atom(sbt.plugins.SerializersPlugin))),Set(Atom(play.sbt.forkrun.PlayForkRun))), Clause(Atom(com.typesafe.sbt.web.SbtWeb),Set(Atom(com.typesafe.sbt.jse.SbtJsEngine))), Clause(Atom(com.typesafe.sbt.jse.SbtJsEngine),Set(Atom(com.typesafe.sbt.jse.SbtJsTask))), Clause(Atom(com.typesafe.sbt.web.SbtWeb),Set(Atom(com.typesafe.sbt.webdriver.SbtWebDriver))), Clause(Atom(sbt.plugins.JvmPlugin),Set(Atom(sbt.plugins.BackgroundRunPlugin))), Clause(Atom(sbt.plugins.CorePlugin),Set(Atom(sbt.plugins.InteractionServicePlugin))), Clause(Atom(sbt.plugins.CorePlugin),Set(Atom(sbt.plugins.SendEventServicePlugin))), Clause(Atom(sbt.plugins.CorePlugin),Set(Atom(sbt.plugins.SerializersPlugin))), Clause(Atom(com.typesafe.sbt.jse.SbtJsTask),Set(Atom(com.typesafe.sbt.coffeescript.SbtCoffeeScript))), Clause(Atom(com.typesafe.sbt.jse.SbtJsTask),Set(Atom(com.typesafe.sbt.less.SbtLess))), Clause(Atom(com.typesafe.sbt.jse.SbtJsTask),Set(Atom(com.typesafe.sbt.jshint.SbtJSHint))), Clause(Atom(com.typesafe.sbt.jse.SbtJsTask),Set(Atom(com.typesafe.sbt.rjs.SbtRjs))), Clause(Atom(com.typesafe.sbt.web.SbtWeb),Set(Atom(com.typesafe.sbt.digest.SbtDigest))), Clause(Atom(com.typesafe.sbt.jse.SbtJsTask),Set(Atom(com.typesafe.sbt.mocha.SbtMocha)))))
  :: deduced result: Matched(sbt.plugins.CorePlugin,play.PlayScala,sbt.plugins.InteractionServicePlugin,sbt.plugins.SendEventServicePlugin,play.Play,sbt.plugins.SerializersPlugin,sbt.plugins.IvyPlugin,sbt.plugins.JvmPlugin,com.typesafe.sbt.jse.SbtJsTask,play.twirl.sbt.SbtTwirl,com.typesafe.sbt.webdriver.SbtWebDriver,com.typesafe.sbt.jshint.SbtJSHint,sbt.plugins.JUnitXmlReportPlugin,com.typesafe.sbt.mocha.SbtMocha,com.typesafe.sbt.less.SbtLess,com.typesafe.sbt.web.SbtWeb,com.typesafe.sbt.rjs.SbtRjs,com.typesafe.sbt.jse.SbtJsEngine,com.typesafe.sbt.coffeescript.SbtCoffeeScript,sbt.plugins.BackgroundRunPlugin,com.typesafe.sbt.digest.SbtDigest,play.sbt.forkrun.PlayForkRun)
sorting: ns: List(sbt.plugins.CorePlugin, play.PlayScala, sbt.plugins.InteractionServicePlugin, sbt.plugins.SendEventServicePlugin, play.Play, sbt.plugins.SerializersPlugin, sbt.plugins.IvyPlugin, sbt.plugins.JvmPlugin, com.typesafe.sbt.jse.SbtJsTask, play.twirl.sbt.SbtTwirl, com.typesafe.sbt.webdriver.SbtWebDriver, com.typesafe.sbt.jshint.SbtJSHint, sbt.plugins.JUnitXmlReportPlugin, com.typesafe.sbt.mocha.SbtMocha, com.typesafe.sbt.less.SbtLess, com.typesafe.sbt.web.SbtWeb, com.typesafe.sbt.rjs.SbtRjs, com.typesafe.sbt.jse.SbtJsEngine, com.typesafe.sbt.coffeescript.SbtCoffeeScript, sbt.plugins.BackgroundRunPlugin, com.typesafe.sbt.digest.SbtDigest, play.sbt.forkrun.PlayForkRun)
  :: sorting:: found: List(sbt.plugins.CorePlugin, com.typesafe.sbt.web.SbtWeb) not found List(play.PlayScala, sbt.plugins.InteractionServicePlugin, sbt.plugins.SendEventServicePlugin, play.Play, sbt.plugins.SerializersPlugin, sbt.plugins.IvyPlugin, sbt.plugins.JvmPlugin, com.typesafe.sbt.jse.SbtJsTask, play.twirl.sbt.SbtTwirl, com.typesafe.sbt.webdriver.SbtWebDriver, com.typesafe.sbt.jshint.SbtJSHint, sbt.plugins.JUnitXmlReportPlugin, com.typesafe.sbt.mocha.SbtMocha, com.typesafe.sbt.less.SbtLess, com.typesafe.sbt.rjs.SbtRjs, com.typesafe.sbt.jse.SbtJsEngine, com.typesafe.sbt.coffeescript.SbtCoffeeScript, sbt.plugins.BackgroundRunPlugin, com.typesafe.sbt.digest.SbtDigest, play.sbt.forkrun.PlayForkRun)
  :: sorting:: found: List(sbt.plugins.CorePlugin, com.typesafe.sbt.web.SbtWeb, sbt.plugins.InteractionServicePlugin, sbt.plugins.SendEventServicePlugin, sbt.plugins.SerializersPlugin, sbt.plugins.IvyPlugin, com.typesafe.sbt.webdriver.SbtWebDriver, com.typesafe.sbt.jse.SbtJsEngine, com.typesafe.sbt.digest.SbtDigest) not found List(play.PlayScala, play.Play, sbt.plugins.JvmPlugin, com.typesafe.sbt.jse.SbtJsTask, play.twirl.sbt.SbtTwirl, com.typesafe.sbt.jshint.SbtJSHint, sbt.plugins.JUnitXmlReportPlugin, com.typesafe.sbt.mocha.SbtMocha, com.typesafe.sbt.less.SbtLess, com.typesafe.sbt.rjs.SbtRjs, com.typesafe.sbt.coffeescript.SbtCoffeeScript, sbt.plugins.BackgroundRunPlugin, play.sbt.forkrun.PlayForkRun)
  :: sorting:: found: List(sbt.plugins.CorePlugin, com.typesafe.sbt.web.SbtWeb, sbt.plugins.InteractionServicePlugin, sbt.plugins.SendEventServicePlugin, sbt.plugins.SerializersPlugin, sbt.plugins.IvyPlugin, com.typesafe.sbt.webdriver.SbtWebDriver, com.typesafe.sbt.jse.SbtJsEngine, com.typesafe.sbt.digest.SbtDigest, sbt.plugins.JvmPlugin, com.typesafe.sbt.jse.SbtJsTask) not found List(play.PlayScala, play.Play, play.twirl.sbt.SbtTwirl, com.typesafe.sbt.jshint.SbtJSHint, sbt.plugins.JUnitXmlReportPlugin, com.typesafe.sbt.mocha.SbtMocha, com.typesafe.sbt.less.SbtLess, com.typesafe.sbt.rjs.SbtRjs, com.typesafe.sbt.coffeescript.SbtCoffeeScript, sbt.plugins.BackgroundRunPlugin, play.sbt.forkrun.PlayForkRun)
  :: sorting:: found: List(sbt.plugins.CorePlugin, com.typesafe.sbt.web.SbtWeb, sbt.plugins.InteractionServicePlugin, sbt.plugins.SendEventServicePlugin, sbt.plugins.SerializersPlugin, sbt.plugins.IvyPlugin, com.typesafe.sbt.webdriver.SbtWebDriver, com.typesafe.sbt.jse.SbtJsEngine, com.typesafe.sbt.digest.SbtDigest, sbt.plugins.JvmPlugin, com.typesafe.sbt.jse.SbtJsTask, play.twirl.sbt.SbtTwirl, com.typesafe.sbt.jshint.SbtJSHint, sbt.plugins.JUnitXmlReportPlugin, com.typesafe.sbt.mocha.SbtMocha, com.typesafe.sbt.less.SbtLess, com.typesafe.sbt.rjs.SbtRjs, com.typesafe.sbt.coffeescript.SbtCoffeeScript, sbt.plugins.BackgroundRunPlugin) not found List(play.PlayScala, play.Play, play.sbt.forkrun.PlayForkRun)
  :: sorting:: found: List(sbt.plugins.CorePlugin, com.typesafe.sbt.web.SbtWeb, sbt.plugins.InteractionServicePlugin, sbt.plugins.SendEventServicePlugin, sbt.plugins.SerializersPlugin, sbt.plugins.IvyPlugin, com.typesafe.sbt.webdriver.SbtWebDriver, com.typesafe.sbt.jse.SbtJsEngine, com.typesafe.sbt.digest.SbtDigest, sbt.plugins.JvmPlugin, com.typesafe.sbt.jse.SbtJsTask, play.twirl.sbt.SbtTwirl, com.typesafe.sbt.jshint.SbtJSHint, sbt.plugins.JUnitXmlReportPlugin, com.typesafe.sbt.mocha.SbtMocha, com.typesafe.sbt.less.SbtLess, com.typesafe.sbt.rjs.SbtRjs, com.typesafe.sbt.coffeescript.SbtCoffeeScript, sbt.plugins.BackgroundRunPlugin, play.Play) not found List(play.PlayScala, play.sbt.forkrun.PlayForkRun)
  :: sorting:: found: List(sbt.plugins.CorePlugin, com.typesafe.sbt.web.SbtWeb, sbt.plugins.InteractionServicePlugin, sbt.plugins.SendEventServicePlugin, sbt.plugins.SerializersPlugin, sbt.plugins.IvyPlugin, com.typesafe.sbt.webdriver.SbtWebDriver, com.typesafe.sbt.jse.SbtJsEngine, com.typesafe.sbt.digest.SbtDigest, sbt.plugins.JvmPlugin, com.typesafe.sbt.jse.SbtJsTask, play.twirl.sbt.SbtTwirl, com.typesafe.sbt.jshint.SbtJSHint, sbt.plugins.JUnitXmlReportPlugin, com.typesafe.sbt.mocha.SbtMocha, com.typesafe.sbt.less.SbtLess, com.typesafe.sbt.rjs.SbtRjs, com.typesafe.sbt.coffeescript.SbtCoffeeScript, sbt.plugins.BackgroundRunPlugin, play.Play, play.PlayScala, play.sbt.forkrun.PlayForkRun) not found List()
  :: sorted deduced result: List(sbt.plugins.CorePlugin, com.typesafe.sbt.web.SbtWeb, sbt.plugins.InteractionServicePlugin, sbt.plugins.SendEventServicePlugin, sbt.plugins.SerializersPlugin, sbt.plugins.IvyPlugin, com.typesafe.sbt.webdriver.SbtWebDriver, com.typesafe.sbt.jse.SbtJsEngine, com.typesafe.sbt.digest.SbtDigest, sbt.plugins.JvmPlugin, com.typesafe.sbt.jse.SbtJsTask, play.twirl.sbt.SbtTwirl, com.typesafe.sbt.jshint.SbtJSHint, sbt.plugins.JUnitXmlReportPlugin, com.typesafe.sbt.mocha.SbtMocha, com.typesafe.sbt.less.SbtLess, com.typesafe.sbt.rjs.SbtRjs, com.typesafe.sbt.coffeescript.SbtCoffeeScript, sbt.plugins.BackgroundRunPlugin, play.Play, play.PlayScala, play.sbt.forkrun.PlayForkRun)
[Loading] Done in D:\DS\my-first-app, returning: (root)
Set current project to gameapi (in build file:/D:/DS/my-first-app/)
Reapplying settings...
Set current project to gameapi (in build file:/D:/DS/my-first-app/)
> iflast shell
> server-send-ready-for-request
> server-handle-next-server-request
> {file:/D:/DS/my-first-app/}root/compile:discoveredMainClasses
Evaluating tasks: compile:discoveredMainClasses
Running task... Cancel: sbt.server.ServerTaskCancellation@4fc89cf8, check cycles: false

Initial source changes: 
	removed:Set()
	added: Set()
	modified: Set(D:\DS\my-first-app\app\models\dao\MagzApiDAO.scala, D:\DS\my-first-app\app\models\MagzNotification.scala, D:\DS\my-first-app\app\models\MagzApi.scala, D:\DS\my-first-app\app\models\Page.scala)
Removed products: Set()
External API changes: API Changes: Set()
Modified binary dependencies: Set()
Initial directly invalidated sources: Set(D:\DS\my-first-app\app\models\dao\MagzApiDAO.scala, D:\DS\my-first-app\app\models\MagzNotification.scala, D:\DS\my-first-app\app\models\MagzApi.scala, D:\DS\my-first-app\app\models\Page.scala)

Sources indirectly invalidated by:
	product: Set()
	binary dep: Set()
	external source: Set()
All initially invalidated sources: Set(D:\DS\my-first-app\app\models\dao\MagzApiDAO.scala, D:\DS\my-first-app\app\models\MagzNotification.scala, D:\DS\my-first-app\app\models\MagzApi.scala, D:\DS\my-first-app\app\models\Page.scala)

Read from stdout: Compiling 4 Scala sources to D:\DS\my-first-app\target\scala-2.11\classes...
Compiling 4 Scala sources to D:\DS\my-first-app\target\scala-2.11\classes...
Getting compiler-interface from component compiler for Scala 2.11.1
Other repositories:
Default repositories:
Getting compiler-interface from component compiler for Scala 2.11.1
Other repositories:
Default repositories:
Running cached compiler c97e1b4, interfacing (CompilerInterface) with Scala compiler version 2.11.1
Calling Scala compiler with arguments  (CompilerInterface):
	-deprecation
	-unchecked
	-encoding
	utf8
	-bootclasspath
	C:\Program Files\Java\jre1.8.0_101\lib\resources.jar;C:\Program Files\Java\jre1.8.0_101\lib\rt.jar;C:\Program Files\Java\jre1.8.0_101\lib\sunrsasign.jar;C:\Program Files\Java\jre1.8.0_101\lib\jsse.jar;C:\Program Files\Java\jre1.8.0_101\lib\jce.jar;C:\Program Files\Java\jre1.8.0_101\lib\charsets.jar;C:\Program Files\Java\jre1.8.0_101\lib\jfr.jar;C:\Program Files\Java\jre1.8.0_101\classes;C:\Users\deden\.ivy2\cache\org.scala-lang\scala-library\jars\scala-library-2.11.1.jar
	-classpath
	D:\DS\my-first-app\target\scala-2.11\classes;C:\Users\deden\.ivy2\cache\com.typesafe.play\twirl-api_2.11\jars\twirl-api_2.11-1.0.2.jar;C:\Users\deden\.ivy2\cache\org.apache.commons\commons-lang3\jars\commons-lang3-3.1.jar;C:\Users\deden\.ivy2\cache\org.scala-lang.modules\scala-xml_2.11\bundles\scala-xml_2.11-1.0.1.jar;C:\Users\deden\.ivy2\cache\com.typesafe.play\play_2.11\jars\play_2.11-2.3.8.jar;C:\Users\deden\.ivy2\cache\com.typesafe.play\build-link\jars\build-link-2.3.8.jar;C:\Users\deden\.ivy2\cache\com.typesafe.play\play-exceptions\jars\play-exceptions-2.3.8.jar;C:\Users\deden\.ivy2\cache\org.javassist\javassist\bundles\javassist-3.18.2-GA.jar;C:\Users\deden\.ivy2\cache\com.typesafe.play\play-iteratees_2.11\jars\play-iteratees_2.11-2.3.8.jar;C:\Users\deden\.ivy2\cache\org.scala-stm\scala-stm_2.11\jars\scala-stm_2.11-0.7.jar;C:\Users\deden\.ivy2\cache\com.typesafe\config\bundles\config-1.2.1.jar;C:\Users\deden\.ivy2\cache\com.typesafe.play\play-json_2.11\jars\play-json_2.11-2.3.8.jar;C:\Users\deden\.ivy2\cache\com.typesafe.play\play-functional_2.11\jars\play-functional_2.11-2.3.8.jar;C:\Users\deden\.ivy2\cache\com.typesafe.play\play-datacommons_2.11\jars\play-datacommons_2.11-2.3.8.jar;C:\Users\deden\.ivy2\cache\joda-time\joda-time\jars\joda-time-2.3.jar;C:\Users\deden\.ivy2\cache\org.joda\joda-convert\jars\joda-convert-1.6.jar;C:\Users\deden\.ivy2\cache\com.fasterxml.jackson.core\jackson-annotations\bundles\jackson-annotations-2.3.2.jar;C:\Users\deden\.ivy2\cache\com.fasterxml.jackson.core\jackson-core\bundles\jackson-core-2.3.2.jar;C:\Users\deden\.ivy2\cache\com.fasterxml.jackson.core\jackson-databind\bundles\jackson-databind-2.3.2.jar;C:\Users\deden\.ivy2\cache\org.scala-lang\scala-reflect\jars\scala-reflect-2.11.1.jar;C:\Users\deden\.ivy2\cache\org.scala-lang.modules\scala-parser-combinators_2.11\bundles\scala-parser-combinators_2.11-1.0.1.jar;C:\Users\deden\.ivy2\cache\io.netty\netty\bundles\netty-3.9.3.Final.jar;C:\Users\deden\.ivy2\cache\com.typesafe.netty\netty-http-pipelining\jars\netty-http-pipelining-1.1.2.jar;C:\Users\deden\.ivy2\cache\org.slf4j\slf4j-api\jars\slf4j-api-1.7.6.jar;C:\Users\deden\.ivy2\cache\org.slf4j\jul-to-slf4j\jars\jul-to-slf4j-1.7.6.jar;C:\Users\deden\.ivy2\cache\org.slf4j\jcl-over-slf4j\jars\jcl-over-slf4j-1.7.6.jar;C:\Users\deden\.ivy2\cache\ch.qos.logback\logback-core\jars\logback-core-1.1.1.jar;C:\Users\deden\.ivy2\cache\ch.qos.logback\logback-classic\jars\logback-classic-1.1.1.jar;C:\Users\deden\.ivy2\cache\com.typesafe.akka\akka-actor_2.11\jars\akka-actor_2.11-2.3.4.jar;C:\Users\deden\.ivy2\cache\com.typesafe.akka\akka-slf4j_2.11\jars\akka-slf4j_2.11-2.3.4.jar;C:\Users\deden\.ivy2\cache\commons-codec\commons-codec\jars\commons-codec-1.9.jar;C:\Users\deden\.ivy2\cache\xerces\xercesImpl\jars\xercesImpl-2.11.0.jar;C:\Users\deden\.ivy2\cache\xml-apis\xml-apis\jars\xml-apis-1.4.01.jar;C:\Users\deden\.ivy2\cache\javax.transaction\jta\jars\jta-1.1.jar;C:\Users\deden\.ivy2\cache\com.typesafe.play\play-jdbc_2.11\jars\play-jdbc_2.11-2.3.8.jar;C:\activator-1.3.10-min\repository\com.jolbox\bonecp\0.8.0.RELEASE\bundles\bonecp.jar;C:\Users\deden\.ivy2\cache\com.h2database\h2\jars\h2-1.3.175.jar;C:\activator-1.3.10-min\repository\tyrex\tyrex\1.0.1\jars\tyrex.jar;C:\Users\deden\.ivy2\cache\com.typesafe.play\anorm_2.11\jars\anorm_2.11-2.3.8.jar;C:\Users\deden\.ivy2\cache\com.jsuereth\scala-arm_2.11\jars\scala-arm_2.11-1.4.jar;C:\Users\deden\.ivy2\cache\org.scala-lang.plugins\scala-continuations-library_2.11\bundles\scala-continuations-library_2.11-1.0.1.jar;C:\Users\deden\.ivy2\cache\com.typesafe.play\play-cache_2.11\jars\play-cache_2.11-2.3.8.jar;C:\Users\deden\.ivy2\cache\net.sf.ehcache\ehcache-core\jars\ehcache-core-2.6.8.jar;C:\Users\deden\.ivy2\cache\com.typesafe.play\play-ws_2.11\jars\play-ws_2.11-2.3.8.jar;C:\Users\deden\.ivy2\cache\com.google.guava\guava\bundles\guava-16.0.1.jar;C:\Users\deden\.ivy2\cache\com.ning\async-http-client\jars\async-http-client-1.8.15.jar;C:\Users\deden\.ivy2\cache\oauth.signpost\signpost-core\jars\signpost-core-1.2.1.2.jar;C:\Users\deden\.ivy2\cache\oauth.signpost\signpost-commonshttp4\jars\signpost-commonshttp4-1.2.1.2.jar;C:\activator-1.3.10-min\repository\org.apache.httpcomponents\httpcore\4.0.1\jars\httpcore.jar;C:\activator-1.3.10-min\repository\org.apache.httpcomponents\httpclient\4.0.1\jars\httpclient.jar;C:\Users\deden\.ivy2\cache\commons-logging\commons-logging\jars\commons-logging-1.1.1.jar;C:\Users\deden\.ivy2\cache\mysql\mysql-connector-java\jars\mysql-connector-java-5.1.18.jar;C:\Users\deden\.ivy2\cache\com.jason-goodwin\authentikat-jwt_2.11\jars\authentikat-jwt_2.11-0.4.1.jar;C:\Users\deden\.ivy2\cache\org.json4s\json4s-native_2.11\jars\json4s-native_2.11-3.2.10.jar;C:\Users\deden\.ivy2\cache\org.json4s\json4s-core_2.11\jars\json4s-core_2.11-3.2.10.jar;C:\Users\deden\.ivy2\cache\org.json4s\json4s-ast_2.11\jars\json4s-ast_2.11-3.2.10.jar;C:\Users\deden\.ivy2\cache\com.thoughtworks.paranamer\paranamer\jars\paranamer-2.6.jar;C:\Users\deden\.ivy2\cache\org.scala-lang\scalap\jars\scalap-2.11.0.jar;C:\Users\deden\.ivy2\cache\org.scala-lang\scala-compiler\jars\scala-compiler-2.11.0.jar;C:\Users\deden\.ivy2\cache\org.json4s\json4s-jackson_2.11\jars\json4s-jackson_2.11-3.2.10.jar
Read from stdout: D:\DS\my-first-app\app\models\MagzNotification.scala:6: value pageMagazineId is not a member of models.Page
D:\DS\my-first-app\app\models\MagzNotification.scala:6: value pageMagazineId is not a member of models.Page
Read from stdout: println("SENDING PUSH NOTIFICATION TO: "+recipient.pageMagazineId)
    println("SENDING PUSH NOTIFICATION TO: "+recipient.pageMagazineId)
Read from stdout: ^
                                                       ^
Read from stdout: one error found
one error found
Compilation failed (CompilerInterface)
Read from stdout: (compile:compileIncremental) Compilation failed
(compile:compileIncremental) Compilation failed
Total time: 5 s, completed Jan 30, 2017 9:48:37 AM
> server-post-command-error-handler
> server-post-command-cleanup
> server-handle-next-server-request
> {file:/D:/DS/my-first-app/}root/compile:mainClass
Evaluating tasks: compile:mainClass
Running task... Cancel: sbt.server.ServerTaskCancellation@69e62619, check cycles: false
Total time: 0 s, completed Jan 30, 2017 9:48:37 AM
> server-post-command-cleanup
> server-handle-next-server-request
> {file:/D:/DS/my-first-app/}root/compile:discoveredMainClasses
Evaluating tasks: compile:discoveredMainClasses
Running task... Cancel: sbt.server.ServerTaskCancellation@20874aad, check cycles: false

Initial source changes: 
	removed:Set()
	added: Set()
	modified: Set(D:\DS\my-first-app\app\models\dao\MagzApiDAO.scala, D:\DS\my-first-app\app\models\MagzNotification.scala, D:\DS\my-first-app\app\models\MagzApi.scala, D:\DS\my-first-app\app\models\Page.scala)
Removed products: Set()
External API changes: API Changes: Set()
Modified binary dependencies: Set()
Initial directly invalidated sources: Set(D:\DS\my-first-app\app\models\dao\MagzApiDAO.scala, D:\DS\my-first-app\app\models\MagzNotification.scala, D:\DS\my-first-app\app\models\MagzApi.scala, D:\DS\my-first-app\app\models\Page.scala)

Sources indirectly invalidated by:
	product: Set()
	binary dep: Set()
	external source: Set()
All initially invalidated sources: Set(D:\DS\my-first-app\app\models\dao\MagzApiDAO.scala, D:\DS\my-first-app\app\models\MagzNotification.scala, D:\DS\my-first-app\app\models\MagzApi.scala, D:\DS\my-first-app\app\models\Page.scala)

Read from stdout: Compiling 4 Scala sources to D:\DS\my-first-app\target\scala-2.11\classes...
Compiling 4 Scala sources to D:\DS\my-first-app\target\scala-2.11\classes...
Getting compiler-interface from component compiler for Scala 2.11.1
Other repositories:
Default repositories:
Getting compiler-interface from component compiler for Scala 2.11.1
Other repositories:
Default repositories:
Running cached compiler 8ce02d4, interfacing (CompilerInterface) with Scala compiler version 2.11.1
Calling Scala compiler with arguments  (CompilerInterface):
	-deprecation
	-unchecked
	-encoding
	utf8
	-bootclasspath
	C:\Program Files\Java\jre1.8.0_101\lib\resources.jar;C:\Program Files\Java\jre1.8.0_101\lib\rt.jar;C:\Program Files\Java\jre1.8.0_101\lib\sunrsasign.jar;C:\Program Files\Java\jre1.8.0_101\lib\jsse.jar;C:\Program Files\Java\jre1.8.0_101\lib\jce.jar;C:\Program Files\Java\jre1.8.0_101\lib\charsets.jar;C:\Program Files\Java\jre1.8.0_101\lib\jfr.jar;C:\Program Files\Java\jre1.8.0_101\classes;C:\Users\deden\.ivy2\cache\org.scala-lang\scala-library\jars\scala-library-2.11.1.jar
	-classpath
	D:\DS\my-first-app\target\scala-2.11\classes;C:\Users\deden\.ivy2\cache\com.typesafe.play\twirl-api_2.11\jars\twirl-api_2.11-1.0.2.jar;C:\Users\deden\.ivy2\cache\org.apache.commons\commons-lang3\jars\commons-lang3-3.1.jar;C:\Users\deden\.ivy2\cache\org.scala-lang.modules\scala-xml_2.11\bundles\scala-xml_2.11-1.0.1.jar;C:\Users\deden\.ivy2\cache\com.typesafe.play\play_2.11\jars\play_2.11-2.3.8.jar;C:\Users\deden\.ivy2\cache\com.typesafe.play\build-link\jars\build-link-2.3.8.jar;C:\Users\deden\.ivy2\cache\com.typesafe.play\play-exceptions\jars\play-exceptions-2.3.8.jar;C:\Users\deden\.ivy2\cache\org.javassist\javassist\bundles\javassist-3.18.2-GA.jar;C:\Users\deden\.ivy2\cache\com.typesafe.play\play-iteratees_2.11\jars\play-iteratees_2.11-2.3.8.jar;C:\Users\deden\.ivy2\cache\org.scala-stm\scala-stm_2.11\jars\scala-stm_2.11-0.7.jar;C:\Users\deden\.ivy2\cache\com.typesafe\config\bundles\config-1.2.1.jar;C:\Users\deden\.ivy2\cache\com.typesafe.play\play-json_2.11\jars\play-json_2.11-2.3.8.jar;C:\Users\deden\.ivy2\cache\com.typesafe.play\play-functional_2.11\jars\play-functional_2.11-2.3.8.jar;C:\Users\deden\.ivy2\cache\com.typesafe.play\play-datacommons_2.11\jars\play-datacommons_2.11-2.3.8.jar;C:\Users\deden\.ivy2\cache\joda-time\joda-time\jars\joda-time-2.3.jar;C:\Users\deden\.ivy2\cache\org.joda\joda-convert\jars\joda-convert-1.6.jar;C:\Users\deden\.ivy2\cache\com.fasterxml.jackson.core\jackson-annotations\bundles\jackson-annotations-2.3.2.jar;C:\Users\deden\.ivy2\cache\com.fasterxml.jackson.core\jackson-core\bundles\jackson-core-2.3.2.jar;C:\Users\deden\.ivy2\cache\com.fasterxml.jackson.core\jackson-databind\bundles\jackson-databind-2.3.2.jar;C:\Users\deden\.ivy2\cache\org.scala-lang\scala-reflect\jars\scala-reflect-2.11.1.jar;C:\Users\deden\.ivy2\cache\org.scala-lang.modules\scala-parser-combinators_2.11\bundles\scala-parser-combinators_2.11-1.0.1.jar;C:\Users\deden\.ivy2\cache\io.netty\netty\bundles\netty-3.9.3.Final.jar;C:\Users\deden\.ivy2\cache\com.typesafe.netty\netty-http-pipelining\jars\netty-http-pipelining-1.1.2.jar;C:\Users\deden\.ivy2\cache\org.slf4j\slf4j-api\jars\slf4j-api-1.7.6.jar;C:\Users\deden\.ivy2\cache\org.slf4j\jul-to-slf4j\jars\jul-to-slf4j-1.7.6.jar;C:\Users\deden\.ivy2\cache\org.slf4j\jcl-over-slf4j\jars\jcl-over-slf4j-1.7.6.jar;C:\Users\deden\.ivy2\cache\ch.qos.logback\logback-core\jars\logback-core-1.1.1.jar;C:\Users\deden\.ivy2\cache\ch.qos.logback\logback-classic\jars\logback-classic-1.1.1.jar;C:\Users\deden\.ivy2\cache\com.typesafe.akka\akka-actor_2.11\jars\akka-actor_2.11-2.3.4.jar;C:\Users\deden\.ivy2\cache\com.typesafe.akka\akka-slf4j_2.11\jars\akka-slf4j_2.11-2.3.4.jar;C:\Users\deden\.ivy2\cache\commons-codec\commons-codec\jars\commons-codec-1.9.jar;C:\Users\deden\.ivy2\cache\xerces\xercesImpl\jars\xercesImpl-2.11.0.jar;C:\Users\deden\.ivy2\cache\xml-apis\xml-apis\jars\xml-apis-1.4.01.jar;C:\Users\deden\.ivy2\cache\javax.transaction\jta\jars\jta-1.1.jar;C:\Users\deden\.ivy2\cache\com.typesafe.play\play-jdbc_2.11\jars\play-jdbc_2.11-2.3.8.jar;C:\activator-1.3.10-min\repository\com.jolbox\bonecp\0.8.0.RELEASE\bundles\bonecp.jar;C:\Users\deden\.ivy2\cache\com.h2database\h2\jars\h2-1.3.175.jar;C:\activator-1.3.10-min\repository\tyrex\tyrex\1.0.1\jars\tyrex.jar;C:\Users\deden\.ivy2\cache\com.typesafe.play\anorm_2.11\jars\anorm_2.11-2.3.8.jar;C:\Users\deden\.ivy2\cache\com.jsuereth\scala-arm_2.11\jars\scala-arm_2.11-1.4.jar;C:\Users\deden\.ivy2\cache\org.scala-lang.plugins\scala-continuations-library_2.11\bundles\scala-continuations-library_2.11-1.0.1.jar;C:\Users\deden\.ivy2\cache\com.typesafe.play\play-cache_2.11\jars\play-cache_2.11-2.3.8.jar;C:\Users\deden\.ivy2\cache\net.sf.ehcache\ehcache-core\jars\ehcache-core-2.6.8.jar;C:\Users\deden\.ivy2\cache\com.typesafe.play\play-ws_2.11\jars\play-ws_2.11-2.3.8.jar;C:\Users\deden\.ivy2\cache\com.google.guava\guava\bundles\guava-16.0.1.jar;C:\Users\deden\.ivy2\cache\com.ning\async-http-client\jars\async-http-client-1.8.15.jar;C:\Users\deden\.ivy2\cache\oauth.signpost\signpost-core\jars\signpost-core-1.2.1.2.jar;C:\Users\deden\.ivy2\cache\oauth.signpost\signpost-commonshttp4\jars\signpost-commonshttp4-1.2.1.2.jar;C:\activator-1.3.10-min\repository\org.apache.httpcomponents\httpcore\4.0.1\jars\httpcore.jar;C:\activator-1.3.10-min\repository\org.apache.httpcomponents\httpclient\4.0.1\jars\httpclient.jar;C:\Users\deden\.ivy2\cache\commons-logging\commons-logging\jars\commons-logging-1.1.1.jar;C:\Users\deden\.ivy2\cache\mysql\mysql-connector-java\jars\mysql-connector-java-5.1.18.jar;C:\Users\deden\.ivy2\cache\com.jason-goodwin\authentikat-jwt_2.11\jars\authentikat-jwt_2.11-0.4.1.jar;C:\Users\deden\.ivy2\cache\org.json4s\json4s-native_2.11\jars\json4s-native_2.11-3.2.10.jar;C:\Users\deden\.ivy2\cache\org.json4s\json4s-core_2.11\jars\json4s-core_2.11-3.2.10.jar;C:\Users\deden\.ivy2\cache\org.json4s\json4s-ast_2.11\jars\json4s-ast_2.11-3.2.10.jar;C:\Users\deden\.ivy2\cache\com.thoughtworks.paranamer\paranamer\jars\paranamer-2.6.jar;C:\Users\deden\.ivy2\cache\org.scala-lang\scalap\jars\scalap-2.11.0.jar;C:\Users\deden\.ivy2\cache\org.scala-lang\scala-compiler\jars\scala-compiler-2.11.0.jar;C:\Users\deden\.ivy2\cache\org.json4s\json4s-jackson_2.11\jars\json4s-jackson_2.11-3.2.10.jar
Read from stdout: D:\DS\my-first-app\app\models\MagzNotification.scala:6: value pageMagazineId is not a member of models.Page
D:\DS\my-first-app\app\models\MagzNotification.scala:6: value pageMagazineId is not a member of models.Page
Read from stdout: println("SENDING PUSH NOTIFICATION TO: "+recipient.pageMagazineId)
    println("SENDING PUSH NOTIFICATION TO: "+recipient.pageMagazineId)
Read from stdout: ^
                                                       ^
Read from stdout: one error found
one error found
Compilation failed (CompilerInterface)
Read from stdout: (compile:compileIncremental) Compilation failed
(compile:compileIncremental) Compilation failed
Total time: 2 s, completed Jan 30, 2017 9:48:39 AM
> server-post-command-error-handler
> server-post-command-cleanup
> server-handle-next-server-request
> {file:/D:/DS/my-first-app/}root/compile:mainClass
Evaluating tasks: compile:mainClass
Running task... Cancel: sbt.server.ServerTaskCancellation@334b3bce, check cycles: false
Total time: 0 s, completed Jan 30, 2017 9:48:39 AM
> server-post-command-cleanup
> server-handle-next-server-request
> {file:/D:/DS/my-first-app/}root/compile:discoveredMainClasses
Evaluating tasks: compile:discoveredMainClasses
Running task... Cancel: sbt.server.ServerTaskCancellation@1620b4e, check cycles: false

Initial source changes: 
	removed:Set()
	added: Set()
	modified: Set(D:\DS\my-first-app\app\models\dao\MagzApiDAO.scala, D:\DS\my-first-app\app\models\MagzNotification.scala, D:\DS\my-first-app\app\models\MagzApi.scala, D:\DS\my-first-app\app\models\Page.scala)
Removed products: Set()
External API changes: API Changes: Set()
Modified binary dependencies: Set()
Initial directly invalidated sources: Set(D:\DS\my-first-app\app\models\dao\MagzApiDAO.scala, D:\DS\my-first-app\app\models\MagzNotification.scala, D:\DS\my-first-app\app\models\MagzApi.scala, D:\DS\my-first-app\app\models\Page.scala)

Sources indirectly invalidated by:
	product: Set()
	binary dep: Set()
	external source: Set()
All initially invalidated sources: Set(D:\DS\my-first-app\app\models\dao\MagzApiDAO.scala, D:\DS\my-first-app\app\models\MagzNotification.scala, D:\DS\my-first-app\app\models\MagzApi.scala, D:\DS\my-first-app\app\models\Page.scala)

Read from stdout: Compiling 4 Scala sources to D:\DS\my-first-app\target\scala-2.11\classes...
Compiling 4 Scala sources to D:\DS\my-first-app\target\scala-2.11\classes...
Getting compiler-interface from component compiler for Scala 2.11.1
Other repositories:
Default repositories:
Getting compiler-interface from component compiler for Scala 2.11.1
Other repositories:
Default repositories:
Running cached compiler 404a2a4d, interfacing (CompilerInterface) with Scala compiler version 2.11.1
Calling Scala compiler with arguments  (CompilerInterface):
	-deprecation
	-unchecked
	-encoding
	utf8
	-bootclasspath
	C:\Program Files\Java\jre1.8.0_101\lib\resources.jar;C:\Program Files\Java\jre1.8.0_101\lib\rt.jar;C:\Program Files\Java\jre1.8.0_101\lib\sunrsasign.jar;C:\Program Files\Java\jre1.8.0_101\lib\jsse.jar;C:\Program Files\Java\jre1.8.0_101\lib\jce.jar;C:\Program Files\Java\jre1.8.0_101\lib\charsets.jar;C:\Program Files\Java\jre1.8.0_101\lib\jfr.jar;C:\Program Files\Java\jre1.8.0_101\classes;C:\Users\deden\.ivy2\cache\org.scala-lang\scala-library\jars\scala-library-2.11.1.jar
	-classpath
	D:\DS\my-first-app\target\scala-2.11\classes;C:\Users\deden\.ivy2\cache\com.typesafe.play\twirl-api_2.11\jars\twirl-api_2.11-1.0.2.jar;C:\Users\deden\.ivy2\cache\org.apache.commons\commons-lang3\jars\commons-lang3-3.1.jar;C:\Users\deden\.ivy2\cache\org.scala-lang.modules\scala-xml_2.11\bundles\scala-xml_2.11-1.0.1.jar;C:\Users\deden\.ivy2\cache\com.typesafe.play\play_2.11\jars\play_2.11-2.3.8.jar;C:\Users\deden\.ivy2\cache\com.typesafe.play\build-link\jars\build-link-2.3.8.jar;C:\Users\deden\.ivy2\cache\com.typesafe.play\play-exceptions\jars\play-exceptions-2.3.8.jar;C:\Users\deden\.ivy2\cache\org.javassist\javassist\bundles\javassist-3.18.2-GA.jar;C:\Users\deden\.ivy2\cache\com.typesafe.play\play-iteratees_2.11\jars\play-iteratees_2.11-2.3.8.jar;C:\Users\deden\.ivy2\cache\org.scala-stm\scala-stm_2.11\jars\scala-stm_2.11-0.7.jar;C:\Users\deden\.ivy2\cache\com.typesafe\config\bundles\config-1.2.1.jar;C:\Users\deden\.ivy2\cache\com.typesafe.play\play-json_2.11\jars\play-json_2.11-2.3.8.jar;C:\Users\deden\.ivy2\cache\com.typesafe.play\play-functional_2.11\jars\play-functional_2.11-2.3.8.jar;C:\Users\deden\.ivy2\cache\com.typesafe.play\play-datacommons_2.11\jars\play-datacommons_2.11-2.3.8.jar;C:\Users\deden\.ivy2\cache\joda-time\joda-time\jars\joda-time-2.3.jar;C:\Users\deden\.ivy2\cache\org.joda\joda-convert\jars\joda-convert-1.6.jar;C:\Users\deden\.ivy2\cache\com.fasterxml.jackson.core\jackson-annotations\bundles\jackson-annotations-2.3.2.jar;C:\Users\deden\.ivy2\cache\com.fasterxml.jackson.core\jackson-core\bundles\jackson-core-2.3.2.jar;C:\Users\deden\.ivy2\cache\com.fasterxml.jackson.core\jackson-databind\bundles\jackson-databind-2.3.2.jar;C:\Users\deden\.ivy2\cache\org.scala-lang\scala-reflect\jars\scala-reflect-2.11.1.jar;C:\Users\deden\.ivy2\cache\org.scala-lang.modules\scala-parser-combinators_2.11\bundles\scala-parser-combinators_2.11-1.0.1.jar;C:\Users\deden\.ivy2\cache\io.netty\netty\bundles\netty-3.9.3.Final.jar;C:\Users\deden\.ivy2\cache\com.typesafe.netty\netty-http-pipelining\jars\netty-http-pipelining-1.1.2.jar;C:\Users\deden\.ivy2\cache\org.slf4j\slf4j-api\jars\slf4j-api-1.7.6.jar;C:\Users\deden\.ivy2\cache\org.slf4j\jul-to-slf4j\jars\jul-to-slf4j-1.7.6.jar;C:\Users\deden\.ivy2\cache\org.slf4j\jcl-over-slf4j\jars\jcl-over-slf4j-1.7.6.jar;C:\Users\deden\.ivy2\cache\ch.qos.logback\logback-core\jars\logback-core-1.1.1.jar;C:\Users\deden\.ivy2\cache\ch.qos.logback\logback-classic\jars\logback-classic-1.1.1.jar;C:\Users\deden\.ivy2\cache\com.typesafe.akka\akka-actor_2.11\jars\akka-actor_2.11-2.3.4.jar;C:\Users\deden\.ivy2\cache\com.typesafe.akka\akka-slf4j_2.11\jars\akka-slf4j_2.11-2.3.4.jar;C:\Users\deden\.ivy2\cache\commons-codec\commons-codec\jars\commons-codec-1.9.jar;C:\Users\deden\.ivy2\cache\xerces\xercesImpl\jars\xercesImpl-2.11.0.jar;C:\Users\deden\.ivy2\cache\xml-apis\xml-apis\jars\xml-apis-1.4.01.jar;C:\Users\deden\.ivy2\cache\javax.transaction\jta\jars\jta-1.1.jar;C:\Users\deden\.ivy2\cache\com.typesafe.play\play-jdbc_2.11\jars\play-jdbc_2.11-2.3.8.jar;C:\activator-1.3.10-min\repository\com.jolbox\bonecp\0.8.0.RELEASE\bundles\bonecp.jar;C:\Users\deden\.ivy2\cache\com.h2database\h2\jars\h2-1.3.175.jar;C:\activator-1.3.10-min\repository\tyrex\tyrex\1.0.1\jars\tyrex.jar;C:\Users\deden\.ivy2\cache\com.typesafe.play\anorm_2.11\jars\anorm_2.11-2.3.8.jar;C:\Users\deden\.ivy2\cache\com.jsuereth\scala-arm_2.11\jars\scala-arm_2.11-1.4.jar;C:\Users\deden\.ivy2\cache\org.scala-lang.plugins\scala-continuations-library_2.11\bundles\scala-continuations-library_2.11-1.0.1.jar;C:\Users\deden\.ivy2\cache\com.typesafe.play\play-cache_2.11\jars\play-cache_2.11-2.3.8.jar;C:\Users\deden\.ivy2\cache\net.sf.ehcache\ehcache-core\jars\ehcache-core-2.6.8.jar;C:\Users\deden\.ivy2\cache\com.typesafe.play\play-ws_2.11\jars\play-ws_2.11-2.3.8.jar;C:\Users\deden\.ivy2\cache\com.google.guava\guava\bundles\guava-16.0.1.jar;C:\Users\deden\.ivy2\cache\com.ning\async-http-client\jars\async-http-client-1.8.15.jar;C:\Users\deden\.ivy2\cache\oauth.signpost\signpost-core\jars\signpost-core-1.2.1.2.jar;C:\Users\deden\.ivy2\cache\oauth.signpost\signpost-commonshttp4\jars\signpost-commonshttp4-1.2.1.2.jar;C:\activator-1.3.10-min\repository\org.apache.httpcomponents\httpcore\4.0.1\jars\httpcore.jar;C:\activator-1.3.10-min\repository\org.apache.httpcomponents\httpclient\4.0.1\jars\httpclient.jar;C:\Users\deden\.ivy2\cache\commons-logging\commons-logging\jars\commons-logging-1.1.1.jar;C:\Users\deden\.ivy2\cache\mysql\mysql-connector-java\jars\mysql-connector-java-5.1.18.jar;C:\Users\deden\.ivy2\cache\com.jason-goodwin\authentikat-jwt_2.11\jars\authentikat-jwt_2.11-0.4.1.jar;C:\Users\deden\.ivy2\cache\org.json4s\json4s-native_2.11\jars\json4s-native_2.11-3.2.10.jar;C:\Users\deden\.ivy2\cache\org.json4s\json4s-core_2.11\jars\json4s-core_2.11-3.2.10.jar;C:\Users\deden\.ivy2\cache\org.json4s\json4s-ast_2.11\jars\json4s-ast_2.11-3.2.10.jar;C:\Users\deden\.ivy2\cache\com.thoughtworks.paranamer\paranamer\jars\paranamer-2.6.jar;C:\Users\deden\.ivy2\cache\org.scala-lang\scalap\jars\scalap-2.11.0.jar;C:\Users\deden\.ivy2\cache\org.scala-lang\scala-compiler\jars\scala-compiler-2.11.0.jar;C:\Users\deden\.ivy2\cache\org.json4s\json4s-jackson_2.11\jars\json4s-jackson_2.11-3.2.10.jar
Read from stdout: D:\DS\my-first-app\app\models\MagzNotification.scala:6: value pageMagazineId is not a member of models.Page
D:\DS\my-first-app\app\models\MagzNotification.scala:6: value pageMagazineId is not a member of models.Page
Read from stdout: println("SENDING PUSH NOTIFICATION TO: "+recipient.pageMagazineId)
    println("SENDING PUSH NOTIFICATION TO: "+recipient.pageMagazineId)
Read from stdout: ^
                                                       ^
Read from stdout: one error found
one error found
Compilation failed (CompilerInterface)
Read from stdout: (compile:compileIncremental) Compilation failed
(compile:compileIncremental) Compilation failed
Total time: 2 s, completed Jan 30, 2017 9:48:41 AM
> server-post-command-error-handler
> server-post-command-cleanup
> server-handle-next-server-request
> compile
Evaluating tasks: compile:compile
Running task... Cancel: sbt.server.ServerTaskCancellation@55dc041e, check cycles: false

Initial source changes: 
	removed:Set()
	added: Set()
	modified: Set(D:\DS\my-first-app\app\models\dao\MagzApiDAO.scala, D:\DS\my-first-app\app\models\MagzNotification.scala, D:\DS\my-first-app\app\models\MagzApi.scala, D:\DS\my-first-app\app\models\Page.scala)
Removed products: Set()
External API changes: API Changes: Set()
Modified binary dependencies: Set()
Initial directly invalidated sources: Set(D:\DS\my-first-app\app\models\dao\MagzApiDAO.scala, D:\DS\my-first-app\app\models\MagzNotification.scala, D:\DS\my-first-app\app\models\MagzApi.scala, D:\DS\my-first-app\app\models\Page.scala)

Sources indirectly invalidated by:
	product: Set()
	binary dep: Set()
	external source: Set()
All initially invalidated sources: Set(D:\DS\my-first-app\app\models\dao\MagzApiDAO.scala, D:\DS\my-first-app\app\models\MagzNotification.scala, D:\DS\my-first-app\app\models\MagzApi.scala, D:\DS\my-first-app\app\models\Page.scala)

Read from stdout: Compiling 4 Scala sources to D:\DS\my-first-app\target\scala-2.11\classes...
Compiling 4 Scala sources to D:\DS\my-first-app\target\scala-2.11\classes...
Getting compiler-interface from component compiler for Scala 2.11.1
Other repositories:
Default repositories:
Getting compiler-interface from component compiler for Scala 2.11.1
Other repositories:
Default repositories:
Running cached compiler 16e35c82, interfacing (CompilerInterface) with Scala compiler version 2.11.1
Calling Scala compiler with arguments  (CompilerInterface):
	-deprecation
	-unchecked
	-encoding
	utf8
	-bootclasspath
	C:\Program Files\Java\jre1.8.0_101\lib\resources.jar;C:\Program Files\Java\jre1.8.0_101\lib\rt.jar;C:\Program Files\Java\jre1.8.0_101\lib\sunrsasign.jar;C:\Program Files\Java\jre1.8.0_101\lib\jsse.jar;C:\Program Files\Java\jre1.8.0_101\lib\jce.jar;C:\Program Files\Java\jre1.8.0_101\lib\charsets.jar;C:\Program Files\Java\jre1.8.0_101\lib\jfr.jar;C:\Program Files\Java\jre1.8.0_101\classes;C:\Users\deden\.ivy2\cache\org.scala-lang\scala-library\jars\scala-library-2.11.1.jar
	-classpath
	D:\DS\my-first-app\target\scala-2.11\classes;C:\Users\deden\.ivy2\cache\com.typesafe.play\twirl-api_2.11\jars\twirl-api_2.11-1.0.2.jar;C:\Users\deden\.ivy2\cache\org.apache.commons\commons-lang3\jars\commons-lang3-3.1.jar;C:\Users\deden\.ivy2\cache\org.scala-lang.modules\scala-xml_2.11\bundles\scala-xml_2.11-1.0.1.jar;C:\Users\deden\.ivy2\cache\com.typesafe.play\play_2.11\jars\play_2.11-2.3.8.jar;C:\Users\deden\.ivy2\cache\com.typesafe.play\build-link\jars\build-link-2.3.8.jar;C:\Users\deden\.ivy2\cache\com.typesafe.play\play-exceptions\jars\play-exceptions-2.3.8.jar;C:\Users\deden\.ivy2\cache\org.javassist\javassist\bundles\javassist-3.18.2-GA.jar;C:\Users\deden\.ivy2\cache\com.typesafe.play\play-iteratees_2.11\jars\play-iteratees_2.11-2.3.8.jar;C:\Users\deden\.ivy2\cache\org.scala-stm\scala-stm_2.11\jars\scala-stm_2.11-0.7.jar;C:\Users\deden\.ivy2\cache\com.typesafe\config\bundles\config-1.2.1.jar;C:\Users\deden\.ivy2\cache\com.typesafe.play\play-json_2.11\jars\play-json_2.11-2.3.8.jar;C:\Users\deden\.ivy2\cache\com.typesafe.play\play-functional_2.11\jars\play-functional_2.11-2.3.8.jar;C:\Users\deden\.ivy2\cache\com.typesafe.play\play-datacommons_2.11\jars\play-datacommons_2.11-2.3.8.jar;C:\Users\deden\.ivy2\cache\joda-time\joda-time\jars\joda-time-2.3.jar;C:\Users\deden\.ivy2\cache\org.joda\joda-convert\jars\joda-convert-1.6.jar;C:\Users\deden\.ivy2\cache\com.fasterxml.jackson.core\jackson-annotations\bundles\jackson-annotations-2.3.2.jar;C:\Users\deden\.ivy2\cache\com.fasterxml.jackson.core\jackson-core\bundles\jackson-core-2.3.2.jar;C:\Users\deden\.ivy2\cache\com.fasterxml.jackson.core\jackson-databind\bundles\jackson-databind-2.3.2.jar;C:\Users\deden\.ivy2\cache\org.scala-lang\scala-reflect\jars\scala-reflect-2.11.1.jar;C:\Users\deden\.ivy2\cache\org.scala-lang.modules\scala-parser-combinators_2.11\bundles\scala-parser-combinators_2.11-1.0.1.jar;C:\Users\deden\.ivy2\cache\io.netty\netty\bundles\netty-3.9.3.Final.jar;C:\Users\deden\.ivy2\cache\com.typesafe.netty\netty-http-pipelining\jars\netty-http-pipelining-1.1.2.jar;C:\Users\deden\.ivy2\cache\org.slf4j\slf4j-api\jars\slf4j-api-1.7.6.jar;C:\Users\deden\.ivy2\cache\org.slf4j\jul-to-slf4j\jars\jul-to-slf4j-1.7.6.jar;C:\Users\deden\.ivy2\cache\org.slf4j\jcl-over-slf4j\jars\jcl-over-slf4j-1.7.6.jar;C:\Users\deden\.ivy2\cache\ch.qos.logback\logback-core\jars\logback-core-1.1.1.jar;C:\Users\deden\.ivy2\cache\ch.qos.logback\logback-classic\jars\logback-classic-1.1.1.jar;C:\Users\deden\.ivy2\cache\com.typesafe.akka\akka-actor_2.11\jars\akka-actor_2.11-2.3.4.jar;C:\Users\deden\.ivy2\cache\com.typesafe.akka\akka-slf4j_2.11\jars\akka-slf4j_2.11-2.3.4.jar;C:\Users\deden\.ivy2\cache\commons-codec\commons-codec\jars\commons-codec-1.9.jar;C:\Users\deden\.ivy2\cache\xerces\xercesImpl\jars\xercesImpl-2.11.0.jar;C:\Users\deden\.ivy2\cache\xml-apis\xml-apis\jars\xml-apis-1.4.01.jar;C:\Users\deden\.ivy2\cache\javax.transaction\jta\jars\jta-1.1.jar;C:\Users\deden\.ivy2\cache\com.typesafe.play\play-jdbc_2.11\jars\play-jdbc_2.11-2.3.8.jar;C:\activator-1.3.10-min\repository\com.jolbox\bonecp\0.8.0.RELEASE\bundles\bonecp.jar;C:\Users\deden\.ivy2\cache\com.h2database\h2\jars\h2-1.3.175.jar;C:\activator-1.3.10-min\repository\tyrex\tyrex\1.0.1\jars\tyrex.jar;C:\Users\deden\.ivy2\cache\com.typesafe.play\anorm_2.11\jars\anorm_2.11-2.3.8.jar;C:\Users\deden\.ivy2\cache\com.jsuereth\scala-arm_2.11\jars\scala-arm_2.11-1.4.jar;C:\Users\deden\.ivy2\cache\org.scala-lang.plugins\scala-continuations-library_2.11\bundles\scala-continuations-library_2.11-1.0.1.jar;C:\Users\deden\.ivy2\cache\com.typesafe.play\play-cache_2.11\jars\play-cache_2.11-2.3.8.jar;C:\Users\deden\.ivy2\cache\net.sf.ehcache\ehcache-core\jars\ehcache-core-2.6.8.jar;C:\Users\deden\.ivy2\cache\com.typesafe.play\play-ws_2.11\jars\play-ws_2.11-2.3.8.jar;C:\Users\deden\.ivy2\cache\com.google.guava\guava\bundles\guava-16.0.1.jar;C:\Users\deden\.ivy2\cache\com.ning\async-http-client\jars\async-http-client-1.8.15.jar;C:\Users\deden\.ivy2\cache\oauth.signpost\signpost-core\jars\signpost-core-1.2.1.2.jar;C:\Users\deden\.ivy2\cache\oauth.signpost\signpost-commonshttp4\jars\signpost-commonshttp4-1.2.1.2.jar;C:\activator-1.3.10-min\repository\org.apache.httpcomponents\httpcore\4.0.1\jars\httpcore.jar;C:\activator-1.3.10-min\repository\org.apache.httpcomponents\httpclient\4.0.1\jars\httpclient.jar;C:\Users\deden\.ivy2\cache\commons-logging\commons-logging\jars\commons-logging-1.1.1.jar;C:\Users\deden\.ivy2\cache\mysql\mysql-connector-java\jars\mysql-connector-java-5.1.18.jar;C:\Users\deden\.ivy2\cache\com.jason-goodwin\authentikat-jwt_2.11\jars\authentikat-jwt_2.11-0.4.1.jar;C:\Users\deden\.ivy2\cache\org.json4s\json4s-native_2.11\jars\json4s-native_2.11-3.2.10.jar;C:\Users\deden\.ivy2\cache\org.json4s\json4s-core_2.11\jars\json4s-core_2.11-3.2.10.jar;C:\Users\deden\.ivy2\cache\org.json4s\json4s-ast_2.11\jars\json4s-ast_2.11-3.2.10.jar;C:\Users\deden\.ivy2\cache\com.thoughtworks.paranamer\paranamer\jars\paranamer-2.6.jar;C:\Users\deden\.ivy2\cache\org.scala-lang\scalap\jars\scalap-2.11.0.jar;C:\Users\deden\.ivy2\cache\org.scala-lang\scala-compiler\jars\scala-compiler-2.11.0.jar;C:\Users\deden\.ivy2\cache\org.json4s\json4s-jackson_2.11\jars\json4s-jackson_2.11-3.2.10.jar
Scala compilation took 3.458487931 s
Invalidating D:\DS\my-first-app\app\models\MagzApi.scala...
Invalidating (transitively) by inheritance from D:\DS\my-first-app\app\models\MagzApi.scala...
Initial set of included nodes: Set(D:\DS\my-first-app\app\models\MagzApi.scala)
Invalidated by transitive inheritance dependency: Set(D:\DS\my-first-app\app\models\MagzApi.scala)
The D:\DS\my-first-app\app\models\MagzApi.scala source file has the following regular definitions changed:
	unapply, releaseDate, author, copy$default$5, copy$default$9, copy$default$8, copy$default$4, authorLink, imgUrl, <init>, apply, copy$default$7, copy$default$10, copy$default$3, copy, category, title, copy$default$1, copy$default$6, summary.
All member reference dependencies will be considered within this context.
The following modified names cause invalidation of D:\DS\my-first-app\app\models\dao\MagzApiDAO.scala: Set(<init>, apply)
The following modified names cause invalidation of D:\DS\my-first-app\app\models\MagzNotification.scala: Set(<init>)
The following modified names cause invalidation of D:\DS\my-first-app\app\controllers\MagzApis.scala: Set(<init>, apply)
The following modified names cause invalidation of D:\DS\my-first-app\app\actors\NotificationActor.scala: Set(<init>, apply)
Invalidating D:\DS\my-first-app\app\models\Page.scala...
Invalidating (transitively) by inheritance from D:\DS\my-first-app\app\models\Page.scala...
Initial set of included nodes: Set(D:\DS\my-first-app\app\models\Page.scala)
Invalidated by transitive inheritance dependency: Set(D:\DS\my-first-app\app\models\Page.scala)
The D:\DS\my-first-app\app\models\Page.scala source file has the following regular definitions changed:
	findAllPages, magazineId, pageMagazineId, <init>, apply, copy.
All member reference dependencies will be considered within this context.
The following modified names cause invalidation of D:\DS\my-first-app\app\models\MagzNotification.scala: Set(pageMagazineId, <init>)
The following modified names cause invalidation of D:\DS\my-first-app\app\models\dao\PageDAO.scala: Set(magazineId, <init>)
The following modified names cause invalidation of D:\DS\my-first-app\app\actors\NotificationActor.scala: Set(findAllPages, magazineId, <init>, apply)
New invalidations:
	Set(D:\DS\my-first-app\app\models\dao\MagzApiDAO.scala, D:\DS\my-first-app\app\models\MagzNotification.scala, D:\DS\my-first-app\app\models\dao\PageDAO.scala, D:\DS\my-first-app\app\controllers\MagzApis.scala, D:\DS\my-first-app\app\actors\NotificationActor.scala)
Initial set of included nodes: Set(D:\DS\my-first-app\app\models\dao\MagzApiDAO.scala, D:\DS\my-first-app\app\models\MagzNotification.scala, D:\DS\my-first-app\app\models\dao\PageDAO.scala, D:\DS\my-first-app\app\controllers\MagzApis.scala, D:\DS\my-first-app\app\actors\NotificationActor.scala)
Including D:\DS\my-first-app\app\models\MagzApi.scala by D:\DS\my-first-app\app\models\dao\MagzApiDAO.scala
Including D:\DS\my-first-app\app\models\MagzNotification.scala by D:\DS\my-first-app\app\models\MagzApi.scala
Including D:\DS\my-first-app\app\actors\NotificationActor.scala by D:\DS\my-first-app\app\models\MagzNotification.scala
Including D:\DS\my-first-app\app\models\Validate.scala by D:\DS\my-first-app\app\actors\NotificationActor.scala
Including D:\DS\my-first-app\app\models\dao\ValidateDAO.scala by D:\DS\my-first-app\app\models\Validate.scala
Including D:\DS\my-first-app\app\controllers\MagzApis.scala by D:\DS\my-first-app\app\models\Validate.scala
Including D:\DS\my-first-app\target\scala-2.11\src_managed\main\routes_reverseRouting.scala by D:\DS\my-first-app\app\controllers\MagzApis.scala
Including D:\DS\my-first-app\target\scala-2.11\src_managed\main\controllers\routes.java by D:\DS\my-first-app\target\scala-2.11\src_managed\main\routes_reverseRouting.scala
Including D:\DS\my-first-app\target\scala-2.11\twirl\main\views\html\main.template.scala by D:\DS\my-first-app\target\scala-2.11\src_managed\main\controllers\routes.java
Including D:\DS\my-first-app\target\scala-2.11\twirl\main\views\html\index.template.scala by D:\DS\my-first-app\target\scala-2.11\twirl\main\views\html\main.template.scala
Including D:\DS\my-first-app\app\controllers\Application.scala by D:\DS\my-first-app\target\scala-2.11\twirl\main\views\html\index.template.scala
Including D:\DS\my-first-app\target\scala-2.11\src_managed\main\routes_routing.scala by D:\DS\my-first-app\app\controllers\Application.scala
Including D:\DS\my-first-app\app\models\Page.scala by D:\DS\my-first-app\app\models\dao\PageDAO.scala
Previously invalidated, but (transitively) depend on new invalidations:
	Set(D:\DS\my-first-app\app\models\MagzApi.scala, D:\DS\my-first-app\app\models\Page.scala)
All newly invalidated sources after taking into account (previously) recompiled sources:Set(D:\DS\my-first-app\app\models\dao\PageDAO.scala, D:\DS\my-first-app\app\controllers\MagzApis.scala, D:\DS\my-first-app\app\actors\NotificationActor.scala)
Read from stdout: Compiling 7 Scala sources to D:\DS\my-first-app\target\scala-2.11\classes...
Compiling 7 Scala sources to D:\DS\my-first-app\target\scala-2.11\classes...
Getting compiler-interface from component compiler for Scala 2.11.1
Other repositories:
Default repositories:
Getting compiler-interface from component compiler for Scala 2.11.1
Other repositories:
Default repositories:
Running cached compiler 1df1e17, interfacing (CompilerInterface) with Scala compiler version 2.11.1
Calling Scala compiler with arguments  (CompilerInterface):
	-deprecation
	-unchecked
	-encoding
	utf8
	-bootclasspath
	C:\Program Files\Java\jre1.8.0_101\lib\resources.jar;C:\Program Files\Java\jre1.8.0_101\lib\rt.jar;C:\Program Files\Java\jre1.8.0_101\lib\sunrsasign.jar;C:\Program Files\Java\jre1.8.0_101\lib\jsse.jar;C:\Program Files\Java\jre1.8.0_101\lib\jce.jar;C:\Program Files\Java\jre1.8.0_101\lib\charsets.jar;C:\Program Files\Java\jre1.8.0_101\lib\jfr.jar;C:\Program Files\Java\jre1.8.0_101\classes;C:\Users\deden\.ivy2\cache\org.scala-lang\scala-library\jars\scala-library-2.11.1.jar
	-classpath
	D:\DS\my-first-app\target\scala-2.11\classes;C:\Users\deden\.ivy2\cache\com.typesafe.play\twirl-api_2.11\jars\twirl-api_2.11-1.0.2.jar;C:\Users\deden\.ivy2\cache\org.apache.commons\commons-lang3\jars\commons-lang3-3.1.jar;C:\Users\deden\.ivy2\cache\org.scala-lang.modules\scala-xml_2.11\bundles\scala-xml_2.11-1.0.1.jar;C:\Users\deden\.ivy2\cache\com.typesafe.play\play_2.11\jars\play_2.11-2.3.8.jar;C:\Users\deden\.ivy2\cache\com.typesafe.play\build-link\jars\build-link-2.3.8.jar;C:\Users\deden\.ivy2\cache\com.typesafe.play\play-exceptions\jars\play-exceptions-2.3.8.jar;C:\Users\deden\.ivy2\cache\org.javassist\javassist\bundles\javassist-3.18.2-GA.jar;C:\Users\deden\.ivy2\cache\com.typesafe.play\play-iteratees_2.11\jars\play-iteratees_2.11-2.3.8.jar;C:\Users\deden\.ivy2\cache\org.scala-stm\scala-stm_2.11\jars\scala-stm_2.11-0.7.jar;C:\Users\deden\.ivy2\cache\com.typesafe\config\bundles\config-1.2.1.jar;C:\Users\deden\.ivy2\cache\com.typesafe.play\play-json_2.11\jars\play-json_2.11-2.3.8.jar;C:\Users\deden\.ivy2\cache\com.typesafe.play\play-functional_2.11\jars\play-functional_2.11-2.3.8.jar;C:\Users\deden\.ivy2\cache\com.typesafe.play\play-datacommons_2.11\jars\play-datacommons_2.11-2.3.8.jar;C:\Users\deden\.ivy2\cache\joda-time\joda-time\jars\joda-time-2.3.jar;C:\Users\deden\.ivy2\cache\org.joda\joda-convert\jars\joda-convert-1.6.jar;C:\Users\deden\.ivy2\cache\com.fasterxml.jackson.core\jackson-annotations\bundles\jackson-annotations-2.3.2.jar;C:\Users\deden\.ivy2\cache\com.fasterxml.jackson.core\jackson-core\bundles\jackson-core-2.3.2.jar;C:\Users\deden\.ivy2\cache\com.fasterxml.jackson.core\jackson-databind\bundles\jackson-databind-2.3.2.jar;C:\Users\deden\.ivy2\cache\org.scala-lang\scala-reflect\jars\scala-reflect-2.11.1.jar;C:\Users\deden\.ivy2\cache\org.scala-lang.modules\scala-parser-combinators_2.11\bundles\scala-parser-combinators_2.11-1.0.1.jar;C:\Users\deden\.ivy2\cache\io.netty\netty\bundles\netty-3.9.3.Final.jar;C:\Users\deden\.ivy2\cache\com.typesafe.netty\netty-http-pipelining\jars\netty-http-pipelining-1.1.2.jar;C:\Users\deden\.ivy2\cache\org.slf4j\slf4j-api\jars\slf4j-api-1.7.6.jar;C:\Users\deden\.ivy2\cache\org.slf4j\jul-to-slf4j\jars\jul-to-slf4j-1.7.6.jar;C:\Users\deden\.ivy2\cache\org.slf4j\jcl-over-slf4j\jars\jcl-over-slf4j-1.7.6.jar;C:\Users\deden\.ivy2\cache\ch.qos.logback\logback-core\jars\logback-core-1.1.1.jar;C:\Users\deden\.ivy2\cache\ch.qos.logback\logback-classic\jars\logback-classic-1.1.1.jar;C:\Users\deden\.ivy2\cache\com.typesafe.akka\akka-actor_2.11\jars\akka-actor_2.11-2.3.4.jar;C:\Users\deden\.ivy2\cache\com.typesafe.akka\akka-slf4j_2.11\jars\akka-slf4j_2.11-2.3.4.jar;C:\Users\deden\.ivy2\cache\commons-codec\commons-codec\jars\commons-codec-1.9.jar;C:\Users\deden\.ivy2\cache\xerces\xercesImpl\jars\xercesImpl-2.11.0.jar;C:\Users\deden\.ivy2\cache\xml-apis\xml-apis\jars\xml-apis-1.4.01.jar;C:\Users\deden\.ivy2\cache\javax.transaction\jta\jars\jta-1.1.jar;C:\Users\deden\.ivy2\cache\com.typesafe.play\play-jdbc_2.11\jars\play-jdbc_2.11-2.3.8.jar;C:\activator-1.3.10-min\repository\com.jolbox\bonecp\0.8.0.RELEASE\bundles\bonecp.jar;C:\Users\deden\.ivy2\cache\com.h2database\h2\jars\h2-1.3.175.jar;C:\activator-1.3.10-min\repository\tyrex\tyrex\1.0.1\jars\tyrex.jar;C:\Users\deden\.ivy2\cache\com.typesafe.play\anorm_2.11\jars\anorm_2.11-2.3.8.jar;C:\Users\deden\.ivy2\cache\com.jsuereth\scala-arm_2.11\jars\scala-arm_2.11-1.4.jar;C:\Users\deden\.ivy2\cache\org.scala-lang.plugins\scala-continuations-library_2.11\bundles\scala-continuations-library_2.11-1.0.1.jar;C:\Users\deden\.ivy2\cache\com.typesafe.play\play-cache_2.11\jars\play-cache_2.11-2.3.8.jar;C:\Users\deden\.ivy2\cache\net.sf.ehcache\ehcache-core\jars\ehcache-core-2.6.8.jar;C:\Users\deden\.ivy2\cache\com.typesafe.play\play-ws_2.11\jars\play-ws_2.11-2.3.8.jar;C:\Users\deden\.ivy2\cache\com.google.guava\guava\bundles\guava-16.0.1.jar;C:\Users\deden\.ivy2\cache\com.ning\async-http-client\jars\async-http-client-1.8.15.jar;C:\Users\deden\.ivy2\cache\oauth.signpost\signpost-core\jars\signpost-core-1.2.1.2.jar;C:\Users\deden\.ivy2\cache\oauth.signpost\signpost-commonshttp4\jars\signpost-commonshttp4-1.2.1.2.jar;C:\activator-1.3.10-min\repository\org.apache.httpcomponents\httpcore\4.0.1\jars\httpcore.jar;C:\activator-1.3.10-min\repository\org.apache.httpcomponents\httpclient\4.0.1\jars\httpclient.jar;C:\Users\deden\.ivy2\cache\commons-logging\commons-logging\jars\commons-logging-1.1.1.jar;C:\Users\deden\.ivy2\cache\mysql\mysql-connector-java\jars\mysql-connector-java-5.1.18.jar;C:\Users\deden\.ivy2\cache\com.jason-goodwin\authentikat-jwt_2.11\jars\authentikat-jwt_2.11-0.4.1.jar;C:\Users\deden\.ivy2\cache\org.json4s\json4s-native_2.11\jars\json4s-native_2.11-3.2.10.jar;C:\Users\deden\.ivy2\cache\org.json4s\json4s-core_2.11\jars\json4s-core_2.11-3.2.10.jar;C:\Users\deden\.ivy2\cache\org.json4s\json4s-ast_2.11\jars\json4s-ast_2.11-3.2.10.jar;C:\Users\deden\.ivy2\cache\com.thoughtworks.paranamer\paranamer\jars\paranamer-2.6.jar;C:\Users\deden\.ivy2\cache\org.scala-lang\scalap\jars\scalap-2.11.0.jar;C:\Users\deden\.ivy2\cache\org.scala-lang\scala-compiler\jars\scala-compiler-2.11.0.jar;C:\Users\deden\.ivy2\cache\org.json4s\json4s-jackson_2.11\jars\json4s-jackson_2.11-3.2.10.jar
Scala compilation took 4.167007428 s
New invalidations:
	Set()
Initial set of included nodes: Set()
Previously invalidated, but (transitively) depend on new invalidations:
	Set()
All newly invalidated sources after taking into account (previously) recompiled sources:Set()
Total time: 8 s, completed Jan 30, 2017 9:49:50 AM
> server-post-command-cleanup
> server-handle-next-server-request
> compile
Evaluating tasks: compile:compile
Running task... Cancel: sbt.server.ServerTaskCancellation@18ad8de5, check cycles: false

Initial source changes: 
	removed:Set()
	added: Set()
	modified: Set()
Removed products: Set()
External API changes: API Changes: Set()
Modified binary dependencies: Set()
Initial directly invalidated sources: Set()

Sources indirectly invalidated by:
	product: Set()
	binary dep: Set()
	external source: Set()
All initially invalidated sources: Set()

Total time: 0 s, completed Jan 30, 2017 9:50:01 AM
> server-post-command-cleanup
> server-handle-next-server-request
> backgroundRun
Evaluating tasks: compile:backgroundRun
Running task... Cancel: sbt.server.ServerTaskCancellation@7d602109, check cycles: false
Total time: 0 s, completed Jan 30, 2017 9:50:04 AM
> server-post-command-cleanup
> server-handle-next-server-request
> {file:/D:/DS/my-first-app/}root/*:playForkConfig
Evaluating tasks: *:playForkConfig
Running task... Cancel: sbt.server.ServerTaskCancellation@4f5077b7, check cycles: false
Total time: 1 s, completed Jan 30, 2017 9:50:07 AM
> server-post-command-cleanup
> server-handle-next-server-request
> root/playForkNotifyStart http://localhost:9000
Evaluating tasks: *:playForkNotifyStart
Running task... Cancel: sbt.server.ServerTaskCancellation@49c6d1bd, check cycles: false
Total time: 0 s, completed Jan 30, 2017 9:50:08 AM
> server-post-command-cleanup
> server-handle-next-server-request
> {file:/D:/DS/my-first-app/}root/*:playForkReload
Evaluating tasks: *:playForkReload
Running task... Cancel: sbt.server.ServerTaskCancellation@70905253, check cycles: false

Initial source changes: 
	removed:Set()
	added: Set()
	modified: Set()
Removed products: Set()
External API changes: API Changes: Set()
Modified binary dependencies: Set()
Initial directly invalidated sources: Set()

Sources indirectly invalidated by:
	product: Set()
	binary dep: Set()
	external source: Set()
All initially invalidated sources: Set()

Copy resource mappings: 
	(D:\DS\my-first-app\conf\application.conf,D:\DS\my-first-app\target\scala-2.11\classes\application.conf)
	(D:\DS\my-first-app\conf\logback.xml,D:\DS\my-first-app\target\scala-2.11\classes\logback.xml)
	(D:\DS\my-first-app\conf\routes,D:\DS\my-first-app\target\scala-2.11\classes\routes)
Total time: 1 s, completed Jan 30, 2017 9:50:42 AM
> server-post-command-cleanup
> server-handle-next-server-request
> jobStop 1
Evaluating tasks: *:jobStop
Running task... Cancel: sbt.server.ServerTaskCancellation@6d92155f, check cycles: false
Total time: 0 s, completed Jan 30, 2017 9:54:23 AM
> server-post-command-cleanup
> server-handle-next-server-request
> jobStop 1
Evaluating tasks: *:jobStop
Running task... Cancel: sbt.server.ServerTaskCancellation@60f9bec1, check cycles: false
Exception in thread "sbt-bg-threads-1" java.lang.Error: java.lang.InterruptedException: sleep interrupted
	at java.util.concurrent.ThreadPoolExecutor.runWorker(Unknown Source)
	at java.util.concurrent.ThreadPoolExecutor$Worker.run(Unknown Source)
	at java.lang.Thread.run(Unknown Source)
Caused by: java.lang.InterruptedException: sleep interrupted
	at java.lang.Thread.sleep(Native Method)
	at play.sbt.forkrun.PlayForkProcess$.timedWaitFor$1(PlayForkProcess.scala:57)
	at play.sbt.forkrun.PlayForkProcess$.play$sbt$forkrun$PlayForkProcess$$stop$1(PlayForkProcess.scala:64)
	at play.sbt.forkrun.PlayForkProcess$.run(PlayForkProcess.scala:82)
	at play.sbt.forkrun.PlayForkProcess$.apply(PlayForkProcess.scala:34)
	at play.sbt.forkrun.PlayForkRun$$anonfun$backgroundForkRunTask$1$$anonfun$apply$7$$anonfun$apply$8$$anonfun$apply$9.apply(PlayForkRun.scala:108)
	at play.sbt.forkrun.PlayForkRun$$anonfun$backgroundForkRunTask$1$$anonfun$apply$7$$anonfun$apply$8$$anonfun$apply$9.apply(PlayForkRun.scala:107)
	at sbt.BackgroundThreadPool$$anonfun$1.apply$mcV$sp(AbstractBackgroundJobService.scala:134)
	at sbt.BackgroundThreadPool$BackgroundRunnable.run(AbstractBackgroundJobService.scala:68)
	... 3 more
Total time: 0 s, completed Jan 30, 2017 9:54:27 AM
> server-post-command-cleanup
> server-handle-next-server-request
Done executing sbt server engine, result Right(Exit(0))
Closing listening server socket
Waiting for socket thread
Waiting for request processor thread
Waiting for command engine result
Returning control to sbt launcher with result Exit(0)
Closing the 4760@DEDEN logs at Mon Jan 30 09:56:06 ICT 2017, goodbye.
